<?xml version="1.0" encoding="UTF-8"?>
<testsuite xmlns:xsi="http://www.w3.org/2001/XMLSchema-instance" xsi:noNamespaceSchemaLocation="https://maven.apache.org/surefire/maven-surefire-plugin/xsd/surefire-test-report.xsd" version="3.0.1" name="runner.Testrunner" time="0.803" tests="6" errors="0" skipped="0" failures="0">
  <properties>
[...]
</properties>
  <testcase name="Login with valid credentials #1" classname="User Login" time="0.125">
    <system-out><![CDATA[
@login @smoke
Scenario Outline: Login with valid credentials                &amp#27;[90m# src/test/resources/features/Login.feature:15&amp#27;[0m
>> User got navigated to login page
  &amp#27;[32mGiven &amp#27;[0m&amp#27;[32mUser navigates to Login page&amp#27;[0m                          &amp#27;[90m# stepdefinitions.testClass.user_navigates_to_login_page()&amp#27;[0m
>> User has entered valid email address: amotooricap9@gmail.com
  &amp#27;[32mWhen &amp#27;[0m&amp#27;[32mUser enters valid email address &amp#27;[0m&amp#27;[32m&amp#27;[1mamotooricap9@gmail.com&amp#27;[0m &amp#27;[90m# stepdefinitions.testClass.user_enters_valid_email_address(java.lang.String)&amp#27;[0m
>> User has entered valid password: 12345
  &amp#27;[32mAnd &amp#27;[0m&amp#27;[32mEnters valid password &amp#27;[0m&amp#27;[32m&amp#27;[1m12345&amp#27;[0m                             &amp#27;[90m# stepdefinitions.testClass.enters_valid_password(java.lang.String)&amp#27;[0m
>> User clicks on login button
  &amp#27;[32mAnd &amp#27;[0m&amp#27;[32mClicks on login button&amp#27;[0m                                  &amp#27;[90m# stepdefinitions.testClass.clicks_on_login_button()&amp#27;[0m
>> User got logged in suucessfully
  &amp#27;[32mThen &amp#27;[0m&amp#27;[32mUser should login successfully&amp#27;[0m                         &amp#27;[90m# stepdefinitions.testClass.user_should_login_successfully()&amp#27;[0m
]]></system-out>
  </testcase>
  <testcase name="Login with valid credentials #2" classname="User Login" time="0.009">
    <system-out><![CDATA[
@login @smoke
Scenario Outline: Login with valid credentials                &amp#27;[90m# src/test/resources/features/Login.feature:16&amp#27;[0m
>> User got navigated to login page
  &amp#27;[32mGiven &amp#27;[0m&amp#27;[32mUser navigates to Login page&amp#27;[0m                          &amp#27;[90m# stepdefinitions.testClass.user_navigates_to_login_page()&amp#27;[0m
>> User has entered valid email address: amotooricap3@gmail.com
  &amp#27;[32mWhen &amp#27;[0m&amp#27;[32mUser enters valid email address &amp#27;[0m&amp#27;[32m&amp#27;[1mamotooricap3@gmail.com&amp#27;[0m &amp#27;[90m# stepdefinitions.testClass.user_enters_valid_email_address(java.lang.String)&amp#27;[0m
>> User has entered valid password: 12345
  &amp#27;[32mAnd &amp#27;[0m&amp#27;[32mEnters valid password &amp#27;[0m&amp#27;[32m&amp#27;[1m12345&amp#27;[0m                             &amp#27;[90m# stepdefinitions.testClass.enters_valid_password(java.lang.String)&amp#27;[0m
>> User clicks on login button
  &amp#27;[32mAnd &amp#27;[0m&amp#27;[32mClicks on login button&amp#27;[0m                                  &amp#27;[90m# stepdefinitions.testClass.clicks_on_login_button()&amp#27;[0m
>> User got logged in suucessfully
  &amp#27;[32mThen &amp#27;[0m&amp#27;[32mUser should login successfully&amp#27;[0m                         &amp#27;[90m# stepdefinitions.testClass.user_should_login_successfully()&amp#27;[0m
]]></system-out>
  </testcase>
  <testcase name="Login with valid credentials #3" classname="User Login" time="0.016">
    <system-out><![CDATA[
@login @smoke
Scenario Outline: Login with valid credentials                &amp#27;[90m# src/test/resources/features/Login.feature:17&amp#27;[0m
>> User got navigated to login page
  &amp#27;[32mGiven &amp#27;[0m&amp#27;[32mUser navigates to Login page&amp#27;[0m                          &amp#27;[90m# stepdefinitions.testClass.user_navigates_to_login_page()&amp#27;[0m
>> User has entered valid email address: amotooricap1@gmail.com
  &amp#27;[32mWhen &amp#27;[0m&amp#27;[32mUser enters valid email address &amp#27;[0m&amp#27;[32m&amp#27;[1mamotooricap1@gmail.com&amp#27;[0m &amp#27;[90m# stepdefinitions.testClass.user_enters_valid_email_address(java.lang.String)&amp#27;[0m
>> User has entered valid password: 12345
  &amp#27;[32mAnd &amp#27;[0m&amp#27;[32mEnters valid password &amp#27;[0m&amp#27;[32m&amp#27;[1m12345&amp#27;[0m                             &amp#27;[90m# stepdefinitions.testClass.enters_valid_password(java.lang.String)&amp#27;[0m
>> User clicks on login button
  &amp#27;[32mAnd &amp#27;[0m&amp#27;[32mClicks on login button&amp#27;[0m                                  &amp#27;[90m# stepdefinitions.testClass.clicks_on_login_button()&amp#27;[0m
>> User got logged in suucessfully
  &amp#27;[32mThen &amp#27;[0m&amp#27;[32mUser should login successfully&amp#27;[0m                         &amp#27;[90m# stepdefinitions.testClass.user_should_login_successfully()&amp#27;[0m
]]></system-out>
  </testcase>
  <testcase name="Register with mandatory fields" classname="User Registration" time="0.006">
    <system-out><![CDATA[
@register @smoke
Scenario: Register with mandatory fields         &amp#27;[90m# src/test/resources/features/Register.feature:7&amp#27;[0m
>> User got navigated to Register Account page
  &amp#27;[32mGiven &amp#27;[0m&amp#27;[32mUser navigates to Register Account page&amp#27;[0m  &amp#27;[90m# stepdefinitions.Register.user_navigates_to_register_account_page()&amp#27;[0m
>> User has entered the firstname as: Arun
>> User has entered the lastname as: Motoori
>> User has entered the emailaddress as: arun.motoori@gmail.com
>> User has entered the telephone as: 12345567890
>> User has entered the password as: 12345
  &amp#27;[32mWhen &amp#27;[0m&amp#27;[32mUser enters below details into the fields&amp#27;[0m &amp#27;[90m# stepdefinitions.Register.User_enters_below_details_into_the_fields(io.cucumber.datatable.DataTable)&amp#27;[0m
    | firstname    | Arun                   |
    | lastname     | Motoori                |
    | emailaddress | arun.motoori@gmail.com |
    | telephone    | 12345567890            |
    | password     | 12345                  |
>> User has selected the privacy policy field
  &amp#27;[32mAnd &amp#27;[0m&amp#27;[32mSelects Privacy Policy field&amp#27;[0m               &amp#27;[90m# stepdefinitions.Register.selects_privacy_policy_field()&amp#27;[0m
>> User has clicked on Continue button
  &amp#27;[32mAnd &amp#27;[0m&amp#27;[32mClicks on continue button&amp#27;[0m                  &amp#27;[90m# stepdefinitions.Register.clicks_on_continue_button()&amp#27;[0m
>> User account got successfully created
  &amp#27;[32mThen &amp#27;[0m&amp#27;[32mAccount should get successfully created&amp#27;[0m   &amp#27;[90m# stepdefinitions.Register.account_should_get_successfully_created()&amp#27;[0m
]]></system-out>
  </testcase>
  <testcase name="Register with all fields" classname="User Registration" time="0.036">
    <system-out><![CDATA[
@register @smoke
Scenario: Register with all fields               &amp#27;[90m# src/test/resources/features/Register.feature:19&amp#27;[0m
>> User got navigated to Register Account page
  &amp#27;[32mGiven &amp#27;[0m&amp#27;[32mUser navigates to Register Account page&amp#27;[0m  &amp#27;[90m# stepdefinitions.Register.user_navigates_to_register_account_page()&amp#27;[0m
>> User has entered the firstname as: Arun
>> User has entered the lastname as: Motoori
>> User has entered the emailaddress as: arun.motoori@gmail.com
>> User has entered the telephone as: 12345567890
>> User has entered the password as: 12345
  &amp#27;[32mWhen &amp#27;[0m&amp#27;[32mUser enters below details into the fields&amp#27;[0m &amp#27;[90m# stepdefinitions.Register.User_enters_below_details_into_the_fields(io.cucumber.datatable.DataTable)&amp#27;[0m
    | firstname    | Arun                   |
    | lastname     | Motoori                |
    | emailaddress | arun.motoori@gmail.com |
    | telephone    | 12345567890            |
    | password     | 12345                  |
>> User has selected Yes for Newsletter
  &amp#27;[32mAnd &amp#27;[0m&amp#27;[32mSelects Yes for Newsletter&amp#27;[0m                 &amp#27;[90m# stepdefinitions.Register.selects_yes_for_newsletter()&amp#27;[0m
>> User has selected the privacy policy field
  &amp#27;[32mAnd &amp#27;[0m&amp#27;[32mSelects Privacy Policy field&amp#27;[0m               &amp#27;[90m# stepdefinitions.Register.selects_privacy_policy_field()&amp#27;[0m
>> User has clicked on Continue button
  &amp#27;[32mAnd &amp#27;[0m&amp#27;[32mClicks on continue button&amp#27;[0m                  &amp#27;[90m# stepdefinitions.Register.clicks_on_continue_button()&amp#27;[0m
>> User account got successfully created
  &amp#27;[32mThen &amp#27;[0m&amp#27;[32mAccount should get successfully created&amp#27;[0m   &amp#27;[90m# stepdefinitions.Register.account_should_get_successfully_created()&amp#27;[0m
]]></system-out>
  </testcase>
  <testcase name="Search for a valid product" classname="Search functionality" time="0.015">
    <system-out><![CDATA[
@Search @smoke
Scenario: Search for a valid product                        &amp#27;[90m# src/test/resources/features/Search.feature:7&amp#27;[0m
>> Application got opened
  &amp#27;[32mGiven &amp#27;[0m&amp#27;[32mUser opens the application&amp#27;[0m                          &amp#27;[90m# stepdefinitions.Search.user_opens_the_application()&amp#27;[0m
>> Valid product got entered into search field
  &amp#27;[32mWhen &amp#27;[0m&amp#27;[32muser enters valid product into search field&amp#27;[0m          &amp#27;[90m# stepdefinitions.Search.user_enters_valid_product_into_search_field()&amp#27;[0m
>> User clicked on search button
  &amp#27;[32mAnd &amp#27;[0m&amp#27;[32mUser clicks on search button&amp#27;[0m                          &amp#27;[90m# stepdefinitions.Search.user_clicks_on_search_button()&amp#27;[0m
>> Valid product got entered into search field
  &amp#27;[32mThen &amp#27;[0m&amp#27;[32mValid product should get displayed in search results&amp#27;[0m &amp#27;[90m# stepdefinitions.Search.valid_product_should_get_displayed_in_search_results()&amp#27;[0m
]]></system-out>
  </testcase>
</testsuite>